  test.c
test.obj : error LNK2001: 无法解析的外部符号 _b
D:\aim for more,find more and learn more\C语言\C语言程序\2024__5\Debug\2024__5.exe : fatal error LNK1120: 1 个无法解析的外部命令
